Fri Sep 11 00:45:22 EDT 2020
i21a-s3.ufhpc
/blue/adamginsburg/abulatek/brick
System xterm is avialable on all gui nodes.

Searching for an available X11 port number
ls: cannot access /tmp/.mount_CARTA.ytlaPR: Permission denied

X11 port number '10951 has been selected
Starting Xpra on port 10951 within SLURM job '58536372'

Command: xpra start :10951 --encoding=auto --quality=80 --html=on --ws-auth=env --exit-with-children=yes --bind-ws=127.0.0.1:10951 --daemon=no --systemd-run=no --dbus-proxy=no --dbus-control=no  --dpi=96 --start-child="xterm"
2020-09-11 00:45:24,566 Warning: failed to create script directory '/scratch/local/21249/xpra':
2020-09-11 00:45:24,566  [Errno 2] No such file or directory: '/scratch/local/21249/xpra'
2020-09-11 00:45:24,604 created ws socket '127.0.0.1:10951'
2020-09-11 00:45:24,606 cannot access python uinput module:
2020-09-11 00:45:24,606  No module named uinput

X.Org X Server 1.20.4
X Protocol Version 11, Revision 0
Build Operating System:  3.10.0-862.6.3.el7.x86_64 
Current Operating System: Linux i21a-s3.ufhpc 3.10.0-1062.18.1.el7.x86_64 #1 SMP Wed Feb 12 14:08:31 UTC 2020 x86_64
Kernel command line: BOOT_IMAGE=/vmlinuz-3.10.0-1062.18.1.el7.x86_64 root=UUID=efa15a83-f743-4066-8839-bc1678d8f395 ro max_loop=32 crashkernel=auto console=ttyS0,115200n8 console=tty0 elevator=deadline pcie_aspm=off transparent_hugepage=never rd_NO_DM
Build Date: 28 May 2019  07:13:18PM
Build ID: xorg-x11-server 1.20.4-7.el7 
Current version of pixman: 0.34.0
	Before reporting problems, check http://wiki.x.org
	to make sure that you have the latest version.
Markers: (--) probed, (**) from config file, (==) default setting,
	(++) from command line, (!!) notice, (II) informational,
	(WW) warning, (EE) error, (NI) not implemented, (??) unknown.
(++) Log file: "/home/abulatek/.xpra/Xorg.:10951.log", Time: Fri Sep 11 00:45:24 2020
(++) Using config file: "/etc/xpra/xorg.conf"
(==) Using system config directory "/usr/share/X11/xorg.conf.d"
2020-09-11 00:45:28,653 created unix domain socket '/home/abulatek/.xpra/i21a-s3.ufhpc-10951'
2020-09-11 00:45:28,654 Warning: missing sound module
2020-09-11 00:45:28,684 pointer device emulation using XTest
2020-09-11 00:45:28,691 serving html content from '/usr/share/xpra/www'
2020-09-11 00:45:29,258 OpenGL is supported on display ':10951'
2020-09-11 00:45:29,258  using 'llvmpipe (LLVM 7.0, 256 bits)' renderer
2020-09-11 00:45:29,344 D-Bus notification forwarding is available
2020-09-11 00:45:29,364 xpra is ready.
2020-09-11 00:45:29,390 xpra GTK2 X11 version 3.0.11-r27119 64-bit
2020-09-11 00:45:29,439 started command 'xterm' with pid 20758
xterm: cannot load font '-misc-fixed-medium-r-semicondensed--13-120-75-75-c-60-iso10646-1'
2020-09-11 00:45:29,629 125.3GB of system memory
2020-09-11 00:45:29,681  uid=21249 (abulatek), gid=3389 (adamginsburg)
2020-09-11 00:45:29,681  running with pid 20609 on Linux RedHatEnterpriseServer 7.7 Maipo
2020-09-11 00:45:29,682  connected to X11 display :10951 with 24 bit colors
2020-09-11 00:46:06,632 Authentication required by env authenticator module 1
2020-09-11 00:46:06,632  sending challenge for username 'abulatek' using hmac+sha512 digest
2020-09-11 00:46:06,713 Handshake complete; enabling connection
2020-09-11 00:46:06,732  automatic picture encoding enabled, also available:
2020-09-11 00:46:06,732   jpeg, png, rgb32, webp
2020-09-11 00:46:06,734 HTML5 Mac OSX Chrome client version 3.0.11
2020-09-11 00:46:06,742 setting keyboard layout to 'en'
The XKEYBOARD keymap compiler (xkbcomp) reports:
> Error:            Can't find file "en" for symbols include
>                   Exiting
>                   Abandoning symbols file "default"
Errors from xkbcomp are not fatal to the X server
2020-09-11 00:46:06,757 Error loading new keyboard description
2020-09-11 00:46:06,763  client root window size is 1280x689 with 1 display:
2020-09-11 00:46:06,763   HTML (339x182 mm - DPI: 95x96)
2020-09-11 00:46:06,763     Canvas
2020-09-11 00:46:06,797 server virtual display now set to 1216x640 (best match for 1280x689)
2020-09-11 00:46:06,832 DPI set to 96 x 96
2020-09-11 00:46:06,967 client   1 received xdg start menu data
2020-09-11 00:46:06,994 client   1 startup complete
2020-09-11 00:46:06,994 client   1 connection-established
2020-09-11 00:46:12,713 client   1 visibilitychange hidden= true connected= true
2020-09-11 00:46:17,263 client   1 visibilitychange hidden= false connected= true
2020-09-11 00:46:21,623 client   1 visibilitychange hidden= true connected= true
2020-09-11 00:46:22,124 client   1 visibilitychange hidden= false connected= true
2020-09-11 00:46:24,899 client   1 visibilitychange hidden= true connected= true
2020-09-11 00:46:25,943 client   1 visibilitychange hidden= false connected= true
2020-09-11 00:46:29,966 client   1 visibilitychange hidden= true connected= true
2020-09-11 00:46:30,578 client   1 visibilitychange hidden= false connected= true
2020-09-11 00:46:32,392 client   1 visibilitychange hidden= true connected= true
2020-09-11 00:46:33,639 client   1 visibilitychange hidden= false connected= true
2020-09-11 00:46:36,505 client   1 visibilitychange hidden= true connected= true
2020-09-11 00:46:37,090 client   1 visibilitychange hidden= false connected= true
2020-09-11 00:46:50,596 client   1 visibilitychange hidden= true connected= true
2020-09-11 00:46:54,541 client   1 visibilitychange hidden= false connected= true
2020-09-11 00:46:55,783 client   1 visibilitychange hidden= true connected= true
2020-09-11 00:46:58,334 client   1 visibilitychange hidden= false connected= true
2020-09-11 00:46:58,884 client   1 visibilitychange hidden= true connected= true
2020-09-11 00:47:00,769 client   1 visibilitychange hidden= false connected= true
2020-09-11 00:47:13,848 client   1 visibilitychange hidden= true connected= true
2020-09-11 00:47:19,425 client   1 visibilitychange hidden= false connected= true
2020-09-11 00:47:20,406 client   1 visibilitychange hidden= true connected= true
2020-09-11 00:47:27,740 client   1 visibilitychange hidden= false connected= true
2020-09-11 00:47:28,350 client   1 visibilitychange hidden= true connected= true
2020-09-11 00:47:50,577 client   1 visibilitychange hidden= false connected= true
2020-09-11 00:47:51,572 client   1 visibilitychange hidden= true connected= true
2020-09-11 00:48:50,854 client   1 visibilitychange hidden= false connected= true
2020-09-11 00:48:51,739 client   1 visibilitychange hidden= true connected= true
2020-09-11 00:49:31,230 client   1 visibilitychange hidden= false connected= true
2020-09-11 00:49:32,300 client   1 visibilitychange hidden= true connected= true
2020-09-11 00:50:27,578 client   1 visibilitychange hidden= false connected= true
2020-09-11 00:50:29,236 client   1 visibilitychange hidden= true connected= true
2020-09-11 00:50:29,363 client   1 visibilitychange hidden= false connected= true
2020-09-11 00:50:33,220 client   1 visibilitychange hidden= true connected= true
2020-09-11 00:50:46,024 client   1 visibilitychange hidden= false connected= true
2020-09-11 00:50:47,437 client   1 visibilitychange hidden= true connected= true
2020-09-11 00:50:49,123 client   1 visibilitychange hidden= false connected= true
2020-09-11 00:51:34,869 client   1 visibilitychange hidden= true connected= true
2020-09-11 00:51:37,603 client   1 visibilitychange hidden= false connected= true
2020-09-11 00:51:40,441 client   1 visibilitychange hidden= true connected= true
2020-09-11 00:51:44,225 client   1 visibilitychange hidden= false connected= true
2020-09-11 00:51:58,894 client   1 visibilitychange hidden= true connected= true
2020-09-11 00:51:59,847 client   1 visibilitychange hidden= false connected= true
2020-09-11 00:52:05,234 client   1 visibilitychange hidden= true connected= true
2020-09-11 00:52:06,366 client   1 visibilitychange hidden= false connected= true
2020-09-11 00:52:08,250 client   1 visibilitychange hidden= true connected= true
2020-09-11 00:52:10,177 client   1 visibilitychange hidden= false connected= true
2020-09-11 00:52:16,965 client   1 visibilitychange hidden= true connected= true
2020-09-11 00:52:28,055 client   1 visibilitychange hidden= false connected= true
2020-09-11 00:52:29,288 client   1 visibilitychange hidden= true connected= true
2020-09-11 00:52:48,581 client   1 visibilitychange hidden= false connected= true
2020-09-11 00:52:50,679 client   1 visibilitychange hidden= true connected= true
2020-09-11 00:52:52,398 client   1 visibilitychange hidden= false connected= true
2020-09-11 00:55:05,670 client   1 visibilitychange hidden= true connected= true
2020-09-11 00:55:25,204 client   1 visibilitychange hidden= false connected= true
2020-09-11 00:55:25,912 client   1 visibilitychange hidden= true connected= true
2020-09-11 00:55:29,015 client   1 visibilitychange hidden= false connected= true
2020-09-11 00:55:30,160 client   1 visibilitychange hidden= true connected= true
2020-09-11 00:56:30,548 client   1 visibilitychange hidden= false connected= true
2020-09-11 00:56:31,498 client   1 visibilitychange hidden= true connected= true
2020-09-11 00:57:05,018 client   1 visibilitychange hidden= false connected= true
2020-09-11 00:57:06,382 client   1 visibilitychange hidden= true connected= true
2020-09-11 01:02:21,492 client   1 visibilitychange hidden= false connected= true
2020-09-11 01:02:32,934 client   1 visibilitychange hidden= true connected= true
2020-09-11 01:03:01,711 client   1 visibilitychange hidden= false connected= true
2020-09-11 01:03:03,366 client   1 visibilitychange hidden= true connected= true
2020-09-11 01:03:04,021 client   1 visibilitychange hidden= false connected= true
2020-09-11 01:03:25,726 client   1 visibilitychange hidden= true connected= true
2020-09-11 01:10:37,267 client   1 visibilitychange hidden= false connected= true
2020-09-11 01:10:40,612 client   1 visibilitychange hidden= true connected= true
2020-09-11 01:11:35,777 xpra client 1 disconnected.
slurmstepd: error: *** JOB 58536372 ON i21a-s3 CANCELLED AT 2020-09-15T00:45:33 DUE TO TIME LIMIT ***
slurmstepd: error: Detected 1 oom-kill event(s) in step 58536372.batch cgroup. Some of your processes may have been killed by the cgroup out-of-memory handler.
