2020-09-15 05:33:23	INFO	::casa	
2020-09-15 05:33:23	INFO	::casa	Checking telemetry submission interval
2020-09-15 05:33:23	INFO	::casa	Creating a new telemetry time stamp file./home/abulatek/.casa/telemetry-d216c1f62181fd24e.stamp
2020-09-15 05:33:23	INFO	::casa	Telemetry submit interval not reached. Not submitting data.
2020-09-15 05:33:23	INFO	::casa	Next telemetry data submission in: 6 days, 23:59:59.999571
2020-09-15 05:33:23	INFO	::casa	CASA Version  5.7.0-134  
2020-09-15 05:33:25	INFO	::casa	
2020-09-15 05:33:46	INFO	tclean::::	
2020-09-15 05:33:46	INFO	tclean::::+	##########################################
2020-09-15 05:33:46	INFO	tclean::::+	##### Begin Task: tclean             #####
2020-09-15 05:33:46	INFO	tclean::::	tclean(vis="/orange/adamginsburg/brick_alma_linesurvey/2019.1.00092.S/science_goal.uid___A001_X1465_X3a31/group.uid___A001_X1465_X3a32/member.uid___A001_X1465_X3a33/calibrated/calibrated_final.ms",selectdata=True,field="2",spw="25",timerange="",
2020-09-15 05:33:46	INFO	tclean::::+	        uvrange="",antenna="",scan="",observation="",intent="",
2020-09-15 05:33:46	INFO	tclean::::+	        datacolumn="corrected",imagename="/orange/adamginsburg/brick_alma_linesurvey/2019.1.00092.S/imaging_results/source_first_test_ab_dirty",imsize=[512, 512],cell=['0.2arcsec'],phasecenter="",
2020-09-15 05:33:46	INFO	tclean::::+	        stokes="I",projection="SIN",startmodel="",specmode="cube",reffreq="",
2020-09-15 05:33:46	INFO	tclean::::+	        nchan=-1,start="",width="",outframe="",veltype="radio",
2020-09-15 05:33:46	INFO	tclean::::+	        restfreq=[],interpolation="linear",perchanweightdensity=True,gridder="standard",facets=1,
2020-09-15 05:33:46	INFO	tclean::::+	        psfphasecenter="",chanchunks=1,wprojplanes=1,vptable="",mosweight=True,
2020-09-15 05:33:46	INFO	tclean::::+	        aterm=True,psterm=False,wbawp=True,conjbeams=False,cfcache="",
2020-09-15 05:33:46	INFO	tclean::::+	        usepointing=False,computepastep=360.0,rotatepastep=360.0,pointingoffsetsigdev=[],pblimit=0.2,
2020-09-15 05:33:46	INFO	tclean::::+	        normtype="flatnoise",deconvolver="hogbom",scales=[],nterms=2,smallscalebias=0.0,
2020-09-15 05:33:46	INFO	tclean::::+	        restoration=True,restoringbeam=[],pbcor=False,outlierfile="",weighting="natural",
2020-09-15 05:33:46	INFO	tclean::::+	        robust=0.5,noise="1.0Jy",npixels=0,uvtaper=[],niter=0,
2020-09-15 05:33:46	INFO	tclean::::+	        gain=0.1,threshold="0.0mJy",nsigma=0.0,cycleniter=-1,cyclefactor=1.0,
2020-09-15 05:33:46	INFO	tclean::::+	        minpsffraction=0.05,maxpsffraction=0.8,interactive=False,usemask="user",mask="",
2020-09-15 05:33:46	INFO	tclean::::+	        pbmask=0.0,sidelobethreshold=3.0,noisethreshold=5.0,lownoisethreshold=1.5,negativethreshold=0.0,
2020-09-15 05:33:46	INFO	tclean::::+	        smoothfactor=1.0,minbeamfrac=0.3,cutthreshold=0.01,growiterations=75,dogrowprune=True,
2020-09-15 05:33:46	INFO	tclean::::+	        minpercentchange=-1.0,verbose=False,fastnoise=True,restart=True,savemodel="none",
2020-09-15 05:33:46	INFO	tclean::::+	        calcres=True,calcpsf=True,parallel=False)
2020-09-15 05:33:46	INFO	tclean::::	Verifying Input Parameters
2020-09-15 05:33:49	INFO	SynthesisImagerVi2::selectData 	MS : /orange/adamginsburg/brick_alma_linesurvey/2019.1.00092.S/science_goal.uid___A001_X1465_X3a31/group.uid___A001_X1465_X3a32/member.uid___A001_X1465_X3a33/calibrated/calibrated_final.ms | Selecting on fields : 2 | Selecting on spw :25 | [Opened in readonly mode]
2020-09-15 05:33:49	INFO	SynthesisImagerVi2::selectData 	  NRows selected : 70950
2020-09-15 05:33:50	INFO	SynthesisImagerVi2::defineImage 	Define image coordinates for [/orange/adamginsburg/brick_alma_linesurvey/2019.1.00092.S/imaging_results/source_first_test_ab_dirty] : 
2020-09-15 05:33:50	INFO	MSTransformRegridder::calcChanFreqs	 phaseCenter='Direction: [-0.0528693, -0.87551, -0.480299]'  *** Encountered negative channel widths in input spectral window.
2020-09-15 05:33:50	INFO	MSTransformRegridder::calcChanFreqs	 Channels equidistant in freq
2020-09-15 05:33:50	INFO	MSTransformRegridder::calcChanFreqs+	 Central frequency (in output frame) = 1.39629e+11 Hz
2020-09-15 05:33:50	INFO	MSTransformRegridder::calcChanFreqs+	 Channel central frequency is decreasing with increasing channel number.
2020-09-15 05:33:50	INFO	MSTransformRegridder::calcChanFreqs+	 Width of central channel (in output frame) = 488295 Hz
2020-09-15 05:33:50	INFO	MSTransformRegridder::calcChanFreqs+	 Number of channels = 3840
2020-09-15 05:33:50	INFO	MSTransformRegridder::calcChanFreqs+	 Total width of SPW (in output frame) = 1.87505e+09 Hz
2020-09-15 05:33:50	INFO	MSTransformRegridder::calcChanFreqs+	 Lower edge = 1.38692e+11 Hz, upper edge = 1.40567e+11 Hz
2020-09-15 05:33:50	INFO	SynthesisImagerVi2::defineImage 	Impars : start 
2020-09-15 05:33:50	INFO	SynthesisImagerVi2::defineImage 	Shape : [512, 512, 1, 3840]Spectral : [1.40566e+11] at [0] with increment [-488295]
2020-09-15 05:33:50	INFO	SynthesisImagerVi2::defineImage 	Set Gridding options for [/orange/adamginsburg/brick_alma_linesurvey/2019.1.00092.S/imaging_results/source_first_test_ab_dirty] with ftmachine : gridft
2020-09-15 05:33:50	INFO	SynthesisImagerVi2::weight() 	Set imaging weights : Natural weighting
2020-09-15 05:33:50	INFO	SynthesisImager::tuneSelectData 	Tuning frequency data selection to match image spectral coordinates
2020-09-15 05:33:50	INFO	SynthesisImagerVi2::selectData 	MS : /orange/adamginsburg/brick_alma_linesurvey/2019.1.00092.S/science_goal.uid___A001_X1465_X3a31/group.uid___A001_X1465_X3a32/member.uid___A001_X1465_X3a33/calibrated/calibrated_final.ms | Selecting on fields : 2 | Selecting on spw :25 | [Opened in readonly mode]
2020-09-15 05:33:50	INFO	SynthesisImagerVi2::selectData 	  NRows selected : 70950
2020-09-15 05:33:50	INFO	task_tclean::SynthesisDeconvolver::setupDeconvolution 	Set Deconvolution Options for [/orange/adamginsburg/brick_alma_linesurvey/2019.1.00092.S/imaging_results/source_first_test_ab_dirty] : hogbom
2020-09-15 05:33:50	WARN	tclean::::	Memory available 20971520 kB is very close to amount of required memory 22655338 kB
2020-09-15 05:33:50	INFO	SynthesisImager::makePSF 	----------------------------------------------------------- Make PSF ---------------------------------------------
2020-09-15 05:33:50	SEVERE	tclean::task_tclean::	Exception from task_tclean : Error in making PSF : Cannot open existing image : /orange/adamginsburg/brick_alma_linesurvey/2019.1.00092.S/imaging_results/source_first_test_ab_dirty.psf : Error in opening Image : /orange/adamginsburg/brick_alma_linesurvey/2019.1.00092.S/imaging_results/source_first_test_ab_dirty.psf
2020-09-15 05:33:50	SEVERE	tclean::::	An error occurred running task tclean.
