/blue/adamginsburg/abulatek/brick/scripts/bash
c0711a-s13.ufhpc
Thu Jul 28 15:58:41 EDT 2022
data_31
130
105
2
casa_clean_ab_130_spw105_2sigma_reimaging_FOV.log
--> CrashReporter initialized.

0%....10....20....30....40....50....60....70....80....90....100%

0%....10....20....30....40....50....60....70....80....90....100%
2022-07-28 20:02:24	WARN	SIImageStore::getPSFGaussian (file casa-source/code/synthesis/ImagerObjects/SIImageStore.cc, line 1916)	PSF is blank for[C3839:P0] 

0%....10....20....30....40....50....60....70....80....90....100%

0%....10....20....30....40....50....60....70....80....90....100%
2022-07-28 20:09:37	WARN	task_tclean::SIImageStore::restore (file casa-source/code/synthesis/ImagerObjects/SIImageStore.cc, line 2089)	Restoring with an empty model image. Only residuals will be processed to form the output restored image.

0%....10....20....30....40....50....60....70....80....90....100%

0%....10....20....30....40....50....60....70....80....90....100%
2022-07-28 20:18:11	WARN	task_tclean::SIImageStore::getPSFGaussian (file casa-source/code/synthesis/ImagerObjects/SIImageStore.cc, line 1916)	PSF is blank for[C3839:P0] 

0%....10....20....30....40....50....60....70....80....90....100%

0%....10....20....30....40....50....60....70....80....90....100%
2022-07-28 20:23:15	WARN	task_tclean::SIImageStore::getPSFGaussian (file casa-source/code/synthesis/ImagerObjects/SIImageStore.cc, line 1916)	PSF is blank for[C3839:P0] 
....10....20....30....40....50....60....70....80....90....100%
2022-07-28 20:28:30	WARN	task_tclean::SIImageStore::getPSFGaussian (file casa-source/code/synthesis/ImagerObjects/SIImageStore.cc, line 1916)	PSF is blank for[C3839:P0] 
....10....20....30....40....50....60....70....80....90....100%

0%....10....20....30....40....50....60....70....80....90....100%

0%....10....20....30....40....50....60....70....80....90....100%
2022-07-28 20:38:02	WARN	task_tclean::SIImageStore::getPSFGaussian (file casa-source/code/synthesis/ImagerObjects/SIImageStore.cc, line 1916)	PSF is blank for[C3839:P0] 
....10....20....30....40....50....60....70....80....90....100%

0%....10....20....30....40....50....60....70....80....90....100%

0%....10....20....30....40....50....60....70....80....90....100%
2022-07-28 20:53:40	WARN	task_tclean::SIImageStore::getPSFGaussian (file casa-source/code/synthesis/ImagerObjects/SIImageStore.cc, line 1916)	PSF is blank for[C3839:P0] 
....10....20....30....40....50....60....70....80....90....100%
optional configuration file config.py not found, continuing CASA startup without it
[22;0t]0;IPython: scripts/bashUsing matplotlib backend: agg
Creating a new telemetry file
CASA 6.1.0.118 -- Common Astronomy Software Applications [6.1.0.118]
Data path is: /blue/adamginsburg/abulatek/brick/symlinks/data_31/calibrated_final.ms
Now creating dirty map: /blue/adamginsburg/abulatek/brick/symlinks/imaging_results/source_ab_130_spw105_reimaging_FOV_dirty
Dirty map creation successful!
Now measuring the mad_std in the dirty map
Standard deviation calculation successful! Result: 2.1 mJy/beam
Now masking the cube at 3 sigma
Masking successful!
Now computing boolmask
Boolmask computation successful!
Now getting coordinates from original image
Coordinates retrieved successfully!
Now outputting the mask file
Mask file output successful!
Now calculating the eroded/dilated boolmask
Eroded/dilated boolmask calculation successful!
Now defining the eroded/dilated mask to export
Now outputting the eroded/dilated mask
Eroded/dilated mask output successful!
Now renaming mask file for consistency
Eroded/dilated mask file successfully renamed!
Now beginning deep clean: /blue/adamginsburg/abulatek/brick/symlinks/imaging_results/source_ab_130_spw105_reimaging_FOV_clean_2sigma_n50000_masked_3sigma_pbmask0p18
Deep clean complete!
Telemetry initialized. Telemetry will send anonymized usage statistics to NRAO.
You can disable telemetry by adding the following line to the config.py file in your rcdir (e.g. ~/.casa/config.py):
telemetry_enabled = False
/blue/adamginsburg/adamginsburg/casa/casa-6.1.0-118/lib/py/lib/python3.6/site-packages/casa_formats_io/casa_dask.py:232: RuntimeWarning: divide by zero encountered in long_scalars
  factors = [f for f in range(stacks[dim] + 1) if stacks[dim] % f == 0]
WARNING: StokesWarning: Cube is a Stokes cube, returning spectral cube for I component [spectral_cube.io.core]
