/blue/adamginsburg/abulatek/brick/first_results/lots_of_plotting/all
c0700a-s22.ufhpc
Wed Jun  1 14:14:40 EDT 2022
87_spw25
Traceback (most recent call last):
  File "all_spectra_and_models.py", line 19, in <module>
    import task_myXCLASS
ModuleNotFoundError: No module named 'task_myXCLASS'
89_spw27
Traceback (most recent call last):
  File "all_spectra_and_models.py", line 19, in <module>
    import task_myXCLASS
ModuleNotFoundError: No module named 'task_myXCLASS'
91_spw25
Traceback (most recent call last):
  File "all_spectra_and_models.py", line 19, in <module>
    import task_myXCLASS
ModuleNotFoundError: No module named 'task_myXCLASS'
93_spw27
Traceback (most recent call last):
  File "all_spectra_and_models.py", line 19, in <module>
    import task_myXCLASS
ModuleNotFoundError: No module named 'task_myXCLASS'
95_spw25
Traceback (most recent call last):
  File "all_spectra_and_models.py", line 19, in <module>
    import task_myXCLASS
ModuleNotFoundError: No module named 'task_myXCLASS'
97_spw27
Traceback (most recent call last):
  File "all_spectra_and_models.py", line 19, in <module>
    import task_myXCLASS
ModuleNotFoundError: No module named 'task_myXCLASS'
98_spw29
Traceback (most recent call last):
  File "all_spectra_and_models.py", line 19, in <module>
    import task_myXCLASS
ModuleNotFoundError: No module named 'task_myXCLASS'
99_spw31
Traceback (most recent call last):
  File "all_spectra_and_models.py", line 19, in <module>
    import task_myXCLASS
ModuleNotFoundError: No module named 'task_myXCLASS'
102_spw23
Traceback (most recent call last):
  File "all_spectra_and_models.py", line 19, in <module>
    import task_myXCLASS
ModuleNotFoundError: No module named 'task_myXCLASS'
102_spw29
Traceback (most recent call last):
  File "all_spectra_and_models.py", line 19, in <module>
    import task_myXCLASS
ModuleNotFoundError: No module named 'task_myXCLASS'
104_spw25
Traceback (most recent call last):
  File "all_spectra_and_models.py", line 19, in <module>
    import task_myXCLASS
ModuleNotFoundError: No module named 'task_myXCLASS'
103_spw31
Traceback (most recent call last):
  File "all_spectra_and_models.py", line 19, in <module>
    import task_myXCLASS
ModuleNotFoundError: No module named 'task_myXCLASS'
106_spw29
Traceback (most recent call last):
  File "all_spectra_and_models.py", line 19, in <module>
    import task_myXCLASS
ModuleNotFoundError: No module named 'task_myXCLASS'
107_spw31
Traceback (most recent call last):
  File "all_spectra_and_models.py", line 19, in <module>
    import task_myXCLASS
ModuleNotFoundError: No module named 'task_myXCLASS'
110_spw29
Traceback (most recent call last):
  File "all_spectra_and_models.py", line 19, in <module>
    import task_myXCLASS
ModuleNotFoundError: No module named 'task_myXCLASS'
111_spw31
Traceback (most recent call last):
  File "all_spectra_and_models.py", line 19, in <module>
    import task_myXCLASS
ModuleNotFoundError: No module named 'task_myXCLASS'
112_spw27
Traceback (most recent call last):
  File "all_spectra_and_models.py", line 19, in <module>
    import task_myXCLASS
ModuleNotFoundError: No module named 'task_myXCLASS'
114_spw29
Traceback (most recent call last):
  File "all_spectra_and_models.py", line 19, in <module>
    import task_myXCLASS
ModuleNotFoundError: No module named 'task_myXCLASS'
127_spw65
Traceback (most recent call last):
  File "all_spectra_and_models.py", line 19, in <module>
    import task_myXCLASS
ModuleNotFoundError: No module named 'task_myXCLASS'
129_spw67
Traceback (most recent call last):
  File "all_spectra_and_models.py", line 19, in <module>
    import task_myXCLASS
ModuleNotFoundError: No module named 'task_myXCLASS'
130_spw105
Traceback (most recent call last):
  File "all_spectra_and_models.py", line 19, in <module>
    import task_myXCLASS
ModuleNotFoundError: No module named 'task_myXCLASS'
132_spw107
Traceback (most recent call last):
  File "all_spectra_and_models.py", line 19, in <module>
    import task_myXCLASS
ModuleNotFoundError: No module named 'task_myXCLASS'
134_spw45
Traceback (most recent call last):
  File "all_spectra_and_models.py", line 19, in <module>
    import task_myXCLASS
ModuleNotFoundError: No module named 'task_myXCLASS'
135_spw47
Traceback (most recent call last):
  File "all_spectra_and_models.py", line 19, in <module>
    import task_myXCLASS
ModuleNotFoundError: No module named 'task_myXCLASS'
137_spw85
Traceback (most recent call last):
  File "all_spectra_and_models.py", line 19, in <module>
    import task_myXCLASS
ModuleNotFoundError: No module named 'task_myXCLASS'
137_spw69
Traceback (most recent call last):
  File "all_spectra_and_models.py", line 19, in <module>
    import task_myXCLASS
ModuleNotFoundError: No module named 'task_myXCLASS'
139_spw71
Traceback (most recent call last):
  File "all_spectra_and_models.py", line 19, in <module>
    import task_myXCLASS
ModuleNotFoundError: No module named 'task_myXCLASS'
140_spw109
Traceback (most recent call last):
  File "all_spectra_and_models.py", line 19, in <module>
    import task_myXCLASS
ModuleNotFoundError: No module named 'task_myXCLASS'
142_spw111
Traceback (most recent call last):
  File "all_spectra_and_models.py", line 19, in <module>
    import task_myXCLASS
ModuleNotFoundError: No module named 'task_myXCLASS'
144_spw49
Traceback (most recent call last):
  File "all_spectra_and_models.py", line 19, in <module>
    import task_myXCLASS
ModuleNotFoundError: No module named 'task_myXCLASS'
146_spw51
Traceback (most recent call last):
  File "all_spectra_and_models.py", line 19, in <module>
    import task_myXCLASS
ModuleNotFoundError: No module named 'task_myXCLASS'
147_spw89
Traceback (most recent call last):
  File "all_spectra_and_models.py", line 19, in <module>
    import task_myXCLASS
ModuleNotFoundError: No module named 'task_myXCLASS'
149_spw91
Traceback (most recent call last):
  File "all_spectra_and_models.py", line 19, in <module>
    import task_myXCLASS
ModuleNotFoundError: No module named 'task_myXCLASS'
142_spw27
Traceback (most recent call last):
  File "all_spectra_and_models.py", line 19, in <module>
    import task_myXCLASS
ModuleNotFoundError: No module named 'task_myXCLASS'
152_spw31
Traceback (most recent call last):
  File "all_spectra_and_models.py", line 19, in <module>
    import task_myXCLASS
ModuleNotFoundError: No module named 'task_myXCLASS'
244_spw65
Traceback (most recent call last):
  File "all_spectra_and_models.py", line 19, in <module>
    import task_myXCLASS
ModuleNotFoundError: No module named 'task_myXCLASS'
245_spw67
Traceback (most recent call last):
  File "all_spectra_and_models.py", line 19, in <module>
    import task_myXCLASS
ModuleNotFoundError: No module named 'task_myXCLASS'
247_spw105
Traceback (most recent call last):
  File "all_spectra_and_models.py", line 19, in <module>
    import task_myXCLASS
ModuleNotFoundError: No module named 'task_myXCLASS'
249_spw107
Traceback (most recent call last):
  File "all_spectra_and_models.py", line 19, in <module>
    import task_myXCLASS
ModuleNotFoundError: No module named 'task_myXCLASS'
250_spw25
Traceback (most recent call last):
  File "all_spectra_and_models.py", line 19, in <module>
    import task_myXCLASS
ModuleNotFoundError: No module named 'task_myXCLASS'
252_spw27
Traceback (most recent call last):
  File "all_spectra_and_models.py", line 19, in <module>
    import task_myXCLASS
ModuleNotFoundError: No module named 'task_myXCLASS'
254_spw85
Traceback (most recent call last):
  File "all_spectra_and_models.py", line 19, in <module>
    import task_myXCLASS
ModuleNotFoundError: No module named 'task_myXCLASS'
255_spw87
Traceback (most recent call last):
  File "all_spectra_and_models.py", line 19, in <module>
    import task_myXCLASS
ModuleNotFoundError: No module named 'task_myXCLASS'
257_spw45
Traceback (most recent call last):
  File "all_spectra_and_models.py", line 19, in <module>
    import task_myXCLASS
ModuleNotFoundError: No module named 'task_myXCLASS'
259_spw47
Traceback (most recent call last):
  File "all_spectra_and_models.py", line 19, in <module>
    import task_myXCLASS
ModuleNotFoundError: No module named 'task_myXCLASS'
259_spw71
Traceback (most recent call last):
  File "all_spectra_and_models.py", line 19, in <module>
    import task_myXCLASS
ModuleNotFoundError: No module named 'task_myXCLASS'
261_spw109
Traceback (most recent call last):
  File "all_spectra_and_models.py", line 19, in <module>
    import task_myXCLASS
ModuleNotFoundError: No module named 'task_myXCLASS'
263_spw111
Traceback (most recent call last):
  File "all_spectra_and_models.py", line 19, in <module>
    import task_myXCLASS
ModuleNotFoundError: No module named 'task_myXCLASS'
264_spw29
Traceback (most recent call last):
  File "all_spectra_and_models.py", line 19, in <module>
    import task_myXCLASS
ModuleNotFoundError: No module named 'task_myXCLASS'
266_spw31
Traceback (most recent call last):
  File "all_spectra_and_models.py", line 19, in <module>
    import task_myXCLASS
ModuleNotFoundError: No module named 'task_myXCLASS'
268_spw89
Traceback (most recent call last):
  File "all_spectra_and_models.py", line 19, in <module>
    import task_myXCLASS
ModuleNotFoundError: No module named 'task_myXCLASS'
270_spw91
Traceback (most recent call last):
  File "all_spectra_and_models.py", line 19, in <module>
    import task_myXCLASS
ModuleNotFoundError: No module named 'task_myXCLASS'
271_spw49
Traceback (most recent call last):
  File "all_spectra_and_models.py", line 19, in <module>
    import task_myXCLASS
ModuleNotFoundError: No module named 'task_myXCLASS'
273_spw51
Traceback (most recent call last):
  File "all_spectra_and_models.py", line 19, in <module>
    import task_myXCLASS
ModuleNotFoundError: No module named 'task_myXCLASS'
