/blue/adamginsburg/abulatek/brick
c0712a-s13.ufhpc
Wed Jun 15 13:45:57 EDT 2022
87_spw25
(null): can't open file 'all_spectra_and_models_cavityedge.py': [Errno 2] No such file or directory
89_spw27
(null): can't open file 'all_spectra_and_models_cavityedge.py': [Errno 2] No such file or directory
91_spw25
(null): can't open file 'all_spectra_and_models_cavityedge.py': [Errno 2] No such file or directory
93_spw27
(null): can't open file 'all_spectra_and_models_cavityedge.py': [Errno 2] No such file or directory
95_spw25
(null): can't open file 'all_spectra_and_models_cavityedge.py': [Errno 2] No such file or directory
97_spw27
(null): can't open file 'all_spectra_and_models_cavityedge.py': [Errno 2] No such file or directory
98_spw29
(null): can't open file 'all_spectra_and_models_cavityedge.py': [Errno 2] No such file or directory
99_spw31
(null): can't open file 'all_spectra_and_models_cavityedge.py': [Errno 2] No such file or directory
102_spw23
(null): can't open file 'all_spectra_and_models_cavityedge.py': [Errno 2] No such file or directory
102_spw29
(null): can't open file 'all_spectra_and_models_cavityedge.py': [Errno 2] No such file or directory
104_spw25
(null): can't open file 'all_spectra_and_models_cavityedge.py': [Errno 2] No such file or directory
103_spw31
(null): can't open file 'all_spectra_and_models_cavityedge.py': [Errno 2] No such file or directory
106_spw29
(null): can't open file 'all_spectra_and_models_cavityedge.py': [Errno 2] No such file or directory
107_spw31
(null): can't open file 'all_spectra_and_models_cavityedge.py': [Errno 2] No such file or directory
110_spw29
(null): can't open file 'all_spectra_and_models_cavityedge.py': [Errno 2] No such file or directory
111_spw31
(null): can't open file 'all_spectra_and_models_cavityedge.py': [Errno 2] No such file or directory
112_spw27
(null): can't open file 'all_spectra_and_models_cavityedge.py': [Errno 2] No such file or directory
114_spw29
(null): can't open file 'all_spectra_and_models_cavityedge.py': [Errno 2] No such file or directory
127_spw65
(null): can't open file 'all_spectra_and_models_cavityedge.py': [Errno 2] No such file or directory
129_spw67
(null): can't open file 'all_spectra_and_models_cavityedge.py': [Errno 2] No such file or directory
130_spw105
(null): can't open file 'all_spectra_and_models_cavityedge.py': [Errno 2] No such file or directory
132_spw107
(null): can't open file 'all_spectra_and_models_cavityedge.py': [Errno 2] No such file or directory
134_spw45
(null): can't open file 'all_spectra_and_models_cavityedge.py': [Errno 2] No such file or directory
135_spw47
(null): can't open file 'all_spectra_and_models_cavityedge.py': [Errno 2] No such file or directory
137_spw85
(null): can't open file 'all_spectra_and_models_cavityedge.py': [Errno 2] No such file or directory
137_spw69
(null): can't open file 'all_spectra_and_models_cavityedge.py': [Errno 2] No such file or directory
139_spw71
(null): can't open file 'all_spectra_and_models_cavityedge.py': [Errno 2] No such file or directory
140_spw109
(null): can't open file 'all_spectra_and_models_cavityedge.py': [Errno 2] No such file or directory
142_spw111
(null): can't open file 'all_spectra_and_models_cavityedge.py': [Errno 2] No such file or directory
144_spw49
(null): can't open file 'all_spectra_and_models_cavityedge.py': [Errno 2] No such file or directory
146_spw51
(null): can't open file 'all_spectra_and_models_cavityedge.py': [Errno 2] No such file or directory
147_spw89
(null): can't open file 'all_spectra_and_models_cavityedge.py': [Errno 2] No such file or directory
149_spw91
(null): can't open file 'all_spectra_and_models_cavityedge.py': [Errno 2] No such file or directory
142_spw27
(null): can't open file 'all_spectra_and_models_cavityedge.py': [Errno 2] No such file or directory
152_spw31
(null): can't open file 'all_spectra_and_models_cavityedge.py': [Errno 2] No such file or directory
244_spw65
(null): can't open file 'all_spectra_and_models_cavityedge.py': [Errno 2] No such file or directory
245_spw67
(null): can't open file 'all_spectra_and_models_cavityedge.py': [Errno 2] No such file or directory
247_spw105
(null): can't open file 'all_spectra_and_models_cavityedge.py': [Errno 2] No such file or directory
249_spw107
(null): can't open file 'all_spectra_and_models_cavityedge.py': [Errno 2] No such file or directory
250_spw25
(null): can't open file 'all_spectra_and_models_cavityedge.py': [Errno 2] No such file or directory
252_spw27
(null): can't open file 'all_spectra_and_models_cavityedge.py': [Errno 2] No such file or directory
254_spw85
(null): can't open file 'all_spectra_and_models_cavityedge.py': [Errno 2] No such file or directory
255_spw87
(null): can't open file 'all_spectra_and_models_cavityedge.py': [Errno 2] No such file or directory
257_spw45
(null): can't open file 'all_spectra_and_models_cavityedge.py': [Errno 2] No such file or directory
259_spw47
(null): can't open file 'all_spectra_and_models_cavityedge.py': [Errno 2] No such file or directory
259_spw71
(null): can't open file 'all_spectra_and_models_cavityedge.py': [Errno 2] No such file or directory
261_spw109
(null): can't open file 'all_spectra_and_models_cavityedge.py': [Errno 2] No such file or directory
263_spw111
(null): can't open file 'all_spectra_and_models_cavityedge.py': [Errno 2] No such file or directory
264_spw29
(null): can't open file 'all_spectra_and_models_cavityedge.py': [Errno 2] No such file or directory
266_spw31
(null): can't open file 'all_spectra_and_models_cavityedge.py': [Errno 2] No such file or directory
268_spw89
(null): can't open file 'all_spectra_and_models_cavityedge.py': [Errno 2] No such file or directory
270_spw91
(null): can't open file 'all_spectra_and_models_cavityedge.py': [Errno 2] No such file or directory
271_spw49
(null): can't open file 'all_spectra_and_models_cavityedge.py': [Errno 2] No such file or directory
273_spw51
(null): can't open file 'all_spectra_and_models_cavityedge.py': [Errno 2] No such file or directory
